1660153054367	geckodriver	INFO	Listening on 127.0.0.1:59072
1660153057419	mozrunner::runner	INFO	Running command: "C:\\Program Files\\Mozilla Firefox\\firefox.exe" "--marionette" "--remote-debugging-port" "59073" "--remote-allow-hosts" "localhost" "-no-remote" "-profile" "C:\\Users\\WS01\\AppData\\Local\\Temp\\rust_mozprofilefT9UnR"
1660153057710	Marionette	INFO	Marionette enabled
1660153057714	Marionette	INFO	Listening on port 59084
WebDriver BiDi listening on ws://localhost:59073
Read port: 59084
1660153057902	RemoteAgent	WARN	TLS certificate errors will be ignored for this session
console.warn: SearchSettings: "get: No settings file exists, new profile?" (new NotFoundError("Could not open the file at C:\\Users\\WS01\\AppData\\Local\\Temp\\rust_mozprofilefT9UnR\\search.json.mozlz4", (void 0)))
DevTools listening on ws://localhost:59073/devtools/browser/086e99a0-54bf-4e5e-98fd-6c911e461fa1
JavaScript warning: https://stepik.azureedge.net/static/frontend-build/vendor.js?v=1659621443, line 6289: unreachable code after return statement
JavaScript error: https://stepik.azureedge.net/static/frontend-build/vendor.js?v=1659621443, line 6105: Error: Expected: '<assignment:568645>' to be present in the adapter provided payload, but it was not found.
1660153074735	Marionette	INFO	Stopped listening on port 59084
console.warn: TopSitesFeed: Failed to fetch data from Contile server: NetworkError when attempting to fetch resource.
1660153104268	geckodriver	INFO	Listening on 127.0.0.1:59213
1660153107334	mozrunner::runner	INFO	Running command: "C:\\Program Files\\Mozilla Firefox\\firefox.exe" "--marionette" "--remote-debugging-port" "59214" "--remote-allow-hosts" "localhost" "-no-remote" "-profile" "C:\\Users\\WS01\\AppData\\Local\\Temp\\rust_mozprofile8Q9twd"
1660153107574	Marionette	INFO	Marionette enabled
1660153107577	Marionette	INFO	Listening on port 59226
WebDriver BiDi listening on ws://localhost:59214
Read port: 59226
1660153107748	RemoteAgent	WARN	TLS certificate errors will be ignored for this session
console.warn: SearchSettings: "get: No settings file exists, new profile?" (new NotFoundError("Could not open the file at C:\\Users\\WS01\\AppData\\Local\\Temp\\rust_mozprofile8Q9twd\\search.json.mozlz4", (void 0)))
DevTools listening on ws://localhost:59214/devtools/browser/8c24af21-c393-401a-9961-c90bfff24569
JavaScript warning: https://stepik.azureedge.net/static/frontend-build/vendor.js?v=1659621443, line 6289: unreachable code after return statement
[GFX1-]: RenderCompositorSWGL failed mapping default framebuffer, no dt
1660153110950	Marionette	INFO	Stopped listening on port 59226
1660153236368	geckodriver	INFO	Listening on 127.0.0.1:59488
1660153239413	mozrunner::runner	INFO	Running command: "C:\\Program Files\\Mozilla Firefox\\firefox.exe" "--marionette" "--remote-debugging-port" "59489" "--remote-allow-hosts" "localhost" "-no-remote" "-profile" "C:\\Users\\WS01\\AppData\\Local\\Temp\\rust_mozprofile6J1VEh"
1660153239675	Marionette	INFO	Marionette enabled
1660153239678	Marionette	INFO	Listening on port 59499
WebDriver BiDi listening on ws://localhost:59489
Read port: 59499
1660153239855	RemoteAgent	WARN	TLS certificate errors will be ignored for this session
console.warn: SearchSettings: "get: No settings file exists, new profile?" (new NotFoundError("Could not open the file at C:\\Users\\WS01\\AppData\\Local\\Temp\\rust_mozprofile6J1VEh\\search.json.mozlz4", (void 0)))
DevTools listening on ws://localhost:59489/devtools/browser/acae0465-cdf8-474a-863f-729925e78443
JavaScript warning: https://stepik.azureedge.net/static/frontend-build/vendor.js?v=1659621443, line 6289: unreachable code after return statement
1660153246163	Marionette	INFO	Stopped listening on port 59499
console.warn: TopSitesFeed: Failed to fetch data from Contile server: NetworkError when attempting to fetch resource.
1660153294913	geckodriver	INFO	Listening on 127.0.0.1:59674
1660153297976	mozrunner::runner	INFO	Running command: "C:\\Program Files\\Mozilla Firefox\\firefox.exe" "--marionette" "--remote-debugging-port" "59675" "--remote-allow-hosts" "localhost" "-no-remote" "-profile" "C:\\Users\\WS01\\AppData\\Local\\Temp\\rust_mozprofileaEs8mI"
1660153298228	Marionette	INFO	Marionette enabled
1660153298231	Marionette	INFO	Listening on port 59686
WebDriver BiDi listening on ws://localhost:59675
Read port: 59686
1660153298408	RemoteAgent	WARN	TLS certificate errors will be ignored for this session
console.warn: SearchSettings: "get: No settings file exists, new profile?" (new NotFoundError("Could not open the file at C:\\Users\\WS01\\AppData\\Local\\Temp\\rust_mozprofileaEs8mI\\search.json.mozlz4", (void 0)))
DevTools listening on ws://localhost:59675/devtools/browser/9d65d8f0-4da2-4479-bae3-1980d46cf890
[GFX1-]: RenderCompositorSWGL failed mapping default framebuffer, no dt
1660153301519	Marionette	INFO	Stopped listening on port 59686
JavaScript error: resource://gre/modules/Sqlite.jsm, line 1109: Error: Sqlite.jsm has been shutdown. Cannot open connection to: C:\Users\WS01\AppData\Local\Temp\rust_mozprofileaEs8mI\protections.sqlite
1660155535598	geckodriver	INFO	Listening on 127.0.0.1:62280
1660155538670	mozrunner::runner	INFO	Running command: "C:\\Program Files\\Mozilla Firefox\\firefox.exe" "--marionette" "firefox" "--start-maximized" "--window-size=1200,1080" "--remote-debugging-port" "62281" "--remote-allow-hosts" "localhost" "-no-remote" "-profile" "C:\\Users\\WS01\\AppData\\Local\\Temp\\rust_mozprofileVy4TtP"
1660155538900	Marionette	INFO	Marionette enabled
1660155538903	Marionette	INFO	Listening on port 62292
WebDriver BiDi listening on ws://localhost:62281
Read port: 62292
1660155539158	RemoteAgent	WARN	TLS certificate errors will be ignored for this session
console.warn: SearchSettings: "get: No settings file exists, new profile?" (new NotFoundError("Could not open the file at C:\\Users\\WS01\\AppData\\Local\\Temp\\rust_mozprofileVy4TtP\\search.json.mozlz4", (void 0)))
DevTools listening on ws://localhost:62281/devtools/browser/11a8d6bc-07a9-4b84-b095-dd455fc51583
JavaScript error: chrome://remote/content/marionette/driver.js, line 2273: NS_ERROR_ILLEGAL_VALUE: Component returned failure code: 0x80070057 (NS_ERROR_ILLEGAL_VALUE) [nsIObserverService.removeObserver]
1660155544186	geckodriver	INFO	Listening on 127.0.0.1:62312
1660155547257	mozrunner::runner	INFO	Running command: "C:\\Program Files\\Mozilla Firefox\\firefox.exe" "--marionette" "firefox" "--start-maximized" "--window-size=1200,1080" "--remote-debugging-port" "62313" "--remote-allow-hosts" "localhost" "-no-remote" "-profile" "C:\\Users\\WS01\\AppData\\Local\\Temp\\rust_mozprofilehGaXCr"
1660155547490	Marionette	INFO	Marionette enabled
1660155547493	Marionette	INFO	Listening on port 62322
WebDriver BiDi listening on ws://localhost:62313
Read port: 62322
1660155547772	RemoteAgent	WARN	TLS certificate errors will be ignored for this session
console.warn: SearchSettings: "get: No settings file exists, new profile?" (new NotFoundError("Could not open the file at C:\\Users\\WS01\\AppData\\Local\\Temp\\rust_mozprofilehGaXCr\\search.json.mozlz4", (void 0)))
DevTools listening on ws://localhost:62313/devtools/browser/3a51bffd-1a47-4004-ae01-b8dff267f720
JavaScript error: chrome://remote/content/marionette/driver.js, line 2273: NS_ERROR_ILLEGAL_VALUE: Component returned failure code: 0x80070057 (NS_ERROR_ILLEGAL_VALUE) [nsIObserverService.removeObserver]
1660155706543	geckodriver	INFO	Listening on 127.0.0.1:62579
1660155709628	mozrunner::runner	INFO	Running command: "C:\\Program Files\\Mozilla Firefox\\firefox.exe" "--marionette" "firefox" "--start-maximized" "--window-size=1200,1080" "--remote-debugging-port" "62580" "--remote-allow-hosts" "localhost" "-no-remote" "-profile" "C:\\Users\\WS01\\AppData\\Local\\Temp\\rust_mozprofileBWgocI"
1660155709862	Marionette	INFO	Marionette enabled
1660155709865	Marionette	INFO	Listening on port 62591
WebDriver BiDi listening on ws://localhost:62580
Read port: 62591
1660155710135	RemoteAgent	WARN	TLS certificate errors will be ignored for this session
console.warn: SearchSettings: "get: No settings file exists, new profile?" (new NotFoundError("Could not open the file at C:\\Users\\WS01\\AppData\\Local\\Temp\\rust_mozprofileBWgocI\\search.json.mozlz4", (void 0)))
DevTools listening on ws://localhost:62580/devtools/browser/b9a648e9-4a6d-4fa9-b6d7-8b64992496cf
JavaScript error: chrome://remote/content/marionette/driver.js, line 2273: NS_ERROR_ILLEGAL_VALUE: Component returned failure code: 0x80070057 (NS_ERROR_ILLEGAL_VALUE) [nsIObserverService.removeObserver]
1660155715079	geckodriver	INFO	Listening on 127.0.0.1:62610
1660155718133	mozrunner::runner	INFO	Running command: "C:\\Program Files\\Mozilla Firefox\\firefox.exe" "--marionette" "firefox" "--start-maximized" "--window-size=1200,1080" "--remote-debugging-port" "62611" "--remote-allow-hosts" "localhost" "-no-remote" "-profile" "C:\\Users\\WS01\\AppData\\Local\\Temp\\rust_mozprofileM1y564"
1660155718365	Marionette	INFO	Marionette enabled
1660155718368	Marionette	INFO	Listening on port 62622
WebDriver BiDi listening on ws://localhost:62611
Read port: 62622
1660155718534	RemoteAgent	WARN	TLS certificate errors will be ignored for this session
console.warn: SearchSettings: "get: No settings file exists, new profile?" (new NotFoundError("Could not open the file at C:\\Users\\WS01\\AppData\\Local\\Temp\\rust_mozprofileM1y564\\search.json.mozlz4", (void 0)))
DevTools listening on ws://localhost:62611/devtools/browser/ed453355-7400-42a6-9476-dfd1b118fae4
JavaScript error: chrome://remote/content/marionette/driver.js, line 2273: NS_ERROR_ILLEGAL_VALUE: Component returned failure code: 0x80070057 (NS_ERROR_ILLEGAL_VALUE) [nsIObserverService.removeObserver]
1660155858218	geckodriver	INFO	Listening on 127.0.0.1:62756
1660155861284	mozrunner::runner	INFO	Running command: "C:\\Program Files\\Mozilla Firefox\\firefox.exe" "--marionette" "firefox" "--remote-debugging-port" "62757" "--remote-allow-hosts" "localhost" "-no-remote" "-profile" "C:\\Users\\WS01\\AppData\\Local\\Temp\\rust_mozprofileBBnyez"
1660155861529	Marionette	INFO	Marionette enabled
1660155861532	Marionette	INFO	Listening on port 62768
WebDriver BiDi listening on ws://localhost:62757
Read port: 62768
1660155861708	RemoteAgent	WARN	TLS certificate errors will be ignored for this session
console.warn: SearchSettings: "get: No settings file exists, new profile?" (new NotFoundError("Could not open the file at C:\\Users\\WS01\\AppData\\Local\\Temp\\rust_mozprofileBBnyez\\search.json.mozlz4", (void 0)))
DevTools listening on ws://localhost:62757/devtools/browser/f7ebda0f-d59c-4c92-8338-d53c40ef816c
JavaScript error: chrome://remote/content/marionette/driver.js, line 2273: NS_ERROR_ILLEGAL_VALUE: Component returned failure code: 0x80070057 (NS_ERROR_ILLEGAL_VALUE) [nsIObserverService.removeObserver]
1660155866780	geckodriver	INFO	Listening on 127.0.0.1:62787
1660155869809	mozrunner::runner	INFO	Running command: "C:\\Program Files\\Mozilla Firefox\\firefox.exe" "--marionette" "firefox" "--remote-debugging-port" "62788" "--remote-allow-hosts" "localhost" "-no-remote" "-profile" "C:\\Users\\WS01\\AppData\\Local\\Temp\\rust_mozprofileL7OsM5"
1660155870057	Marionette	INFO	Marionette enabled
1660155870060	Marionette	INFO	Listening on port 62799
WebDriver BiDi listening on ws://localhost:62788
Read port: 62799
1660155870239	RemoteAgent	WARN	TLS certificate errors will be ignored for this session
console.warn: SearchSettings: "get: No settings file exists, new profile?" (new NotFoundError("Could not open the file at C:\\Users\\WS01\\AppData\\Local\\Temp\\rust_mozprofileL7OsM5\\search.json.mozlz4", (void 0)))
DevTools listening on ws://localhost:62788/devtools/browser/e453cc4e-df93-46a6-954d-9db8f6bf8cbb
JavaScript error: chrome://remote/content/marionette/driver.js, line 2273: NS_ERROR_ILLEGAL_VALUE: Component returned failure code: 0x80070057 (NS_ERROR_ILLEGAL_VALUE) [nsIObserverService.removeObserver]
1660156027919	geckodriver	INFO	Listening on 127.0.0.1:62990
1660156030974	mozrunner::runner	INFO	Running command: "C:\\Program Files\\Mozilla Firefox\\firefox.exe" "--marionette" "--remote-debugging-port" "62991" "--remote-allow-hosts" "localhost" "-no-remote" "-profile" "C:\\Users\\WS01\\AppData\\Local\\Temp\\rust_mozprofilek8Kcjn"
1660156031212	Marionette	INFO	Marionette enabled
1660156031215	Marionette	INFO	Listening on port 63002
WebDriver BiDi listening on ws://localhost:62991
Read port: 63002
1660156031379	RemoteAgent	WARN	TLS certificate errors will be ignored for this session
console.warn: SearchSettings: "get: No settings file exists, new profile?" (new NotFoundError("Could not open the file at C:\\Users\\WS01\\AppData\\Local\\Temp\\rust_mozprofilek8Kcjn\\search.json.mozlz4", (void 0)))
DevTools listening on ws://localhost:62991/devtools/browser/ba1b19ea-523d-4427-b68e-622344aab1a5
JavaScript error: http://selenium1py.pythonanywhere.com/ru/, line 374: ReferenceError: oscar is not defined
1660156033940	Marionette	INFO	Stopped listening on port 63002
[GFX1-]: RenderCompositorSWGL failed mapping default framebuffer, no dt
JavaScript error: resource://gre/modules/Sqlite.jsm, line 1109: Error: Sqlite.jsm has been shutdown. Cannot open connection to: C:\Users\WS01\AppData\Local\Temp\rust_mozprofilek8Kcjn\protections.sqlite
JavaScript error: resource://gre/modules/TerminatorTelemetry.jsm, line 69: AbortError: IOUtils: Shutting down and refusing additional I/O tasks
1660156034418	geckodriver	INFO	Listening on 127.0.0.1:63025
1660156037485	mozrunner::runner	INFO	Running command: "C:\\Program Files\\Mozilla Firefox\\firefox.exe" "--marionette" "--remote-debugging-port" "63026" "--remote-allow-hosts" "localhost" "-no-remote" "-profile" "C:\\Users\\WS01\\AppData\\Local\\Temp\\rust_mozprofilek8ykzv"
1660156037719	Marionette	INFO	Marionette enabled
1660156037722	Marionette	INFO	Listening on port 63035
WebDriver BiDi listening on ws://localhost:63026
Read port: 63035
1660156037888	RemoteAgent	WARN	TLS certificate errors will be ignored for this session
console.warn: SearchSettings: "get: No settings file exists, new profile?" (new NotFoundError("Could not open the file at C:\\Users\\WS01\\AppData\\Local\\Temp\\rust_mozprofilek8ykzv\\search.json.mozlz4", (void 0)))
DevTools listening on ws://localhost:63026/devtools/browser/6f51d28e-fbee-4a79-adfe-66addea82c79
JavaScript error: http://selenium1py.pythonanywhere.com/en-gb/, line 758: ReferenceError: oscar is not defined
1660156040535	Marionette	INFO	Stopped listening on port 63035
[GFX1-]: RenderCompositorSWGL failed mapping default framebuffer, no dt
JavaScript error: resource://gre/modules/Sqlite.jsm, line 1109: Error: Sqlite.jsm has been shutdown. Cannot open connection to: C:\Users\WS01\AppData\Local\Temp\rust_mozprofilek8ykzv\protections.sqlite
JavaScript error: resource://gre/modules/TerminatorTelemetry.jsm, line 69: AbortError: IOUtils: Shutting down and refusing additional I/O tasks
1660156544281	geckodriver	INFO	Listening on 127.0.0.1:63532
1660156547356	mozrunner::runner	INFO	Running command: "C:\\Program Files\\Mozilla Firefox\\firefox.exe" "--marionette" "--remote-debugging-port" "63533" "--remote-allow-hosts" "localhost" "-no-remote" "-profile" "C:\\Users\\WS01\\AppData\\Local\\Temp\\rust_mozprofilehY80GZ"
1660156547601	Marionette	INFO	Marionette enabled
1660156547604	Marionette	INFO	Listening on port 63545
WebDriver BiDi listening on ws://localhost:63533
Read port: 63545
1660156547867	RemoteAgent	WARN	TLS certificate errors will be ignored for this session
console.warn: SearchSettings: "get: No settings file exists, new profile?" (new NotFoundError("Could not open the file at C:\\Users\\WS01\\AppData\\Local\\Temp\\rust_mozprofilehY80GZ\\search.json.mozlz4", (void 0)))
DevTools listening on ws://localhost:63533/devtools/browser/21f56731-9c25-4e5c-aa91-3318df036b41
JavaScript error: http://selenium1py.pythonanywhere.com/ru/, line 374: ReferenceError: oscar is not defined
JavaScript warning: http://p.2ad.wtf/ad/base.js?id=09f4dd4a5866bc190984f9ac8f4c11f9227d&rid=tbGVW6l_wIudd60WhtZ1P_Aq-lE&reg=43&referer=http%3A%2F%2Fselenium1py.pythonanywhere.com%2Fru%2F, line 1: WEBGL_debug_renderer_info is deprecated in Firefox and will be removed. Please use RENDERER.
1660156555348	Marionette	INFO	Stopped listening on port 63545
[GFX1-]: RenderCompositorSWGL failed mapping default framebuffer, no dt
JavaScript error: resource://gre/modules/Sqlite.jsm, line 1109: Error: Sqlite.jsm has been shutdown. Cannot open connection to: C:\Users\WS01\AppData\Local\Temp\rust_mozprofilehY80GZ\protections.sqlite
1660156555880	geckodriver	INFO	Listening on 127.0.0.1:63605
1660156558931	mozrunner::runner	INFO	Running command: "C:\\Program Files\\Mozilla Firefox\\firefox.exe" "--marionette" "--remote-debugging-port" "63606" "--remote-allow-hosts" "localhost" "-no-remote" "-profile" "C:\\Users\\WS01\\AppData\\Local\\Temp\\rust_mozprofileFlUQvc"
1660156559170	Marionette	INFO	Marionette enabled
1660156559172	Marionette	INFO	Listening on port 63615
WebDriver BiDi listening on ws://localhost:63606
Read port: 63615
1660156559346	RemoteAgent	WARN	TLS certificate errors will be ignored for this session
console.warn: SearchSettings: "get: No settings file exists, new profile?" (new NotFoundError("Could not open the file at C:\\Users\\WS01\\AppData\\Local\\Temp\\rust_mozprofileFlUQvc\\search.json.mozlz4", (void 0)))
DevTools listening on ws://localhost:63606/devtools/browser/02c84dba-6f2a-49d2-b8a8-201483f4b8ff
JavaScript error: http://selenium1py.pythonanywhere.com/en-gb/, line 758: ReferenceError: oscar is not defined
1660156562351	Marionette	INFO	Stopped listening on port 63615
[GFX1-]: RenderCompositorSWGL failed mapping default framebuffer, no dt
JavaScript error: resource://gre/modules/AsyncShutdown.jsm, line 720: Error: Phase "Sqlite.jsm: wait until all connections are closed" is finished, it is too late to register completion condition "protections.sqlite#0: waiting for shutdown"
1660156614599	geckodriver	INFO	Listening on 127.0.0.1:63774
1660156617678	mozrunner::runner	INFO	Running command: "C:\\Program Files\\Mozilla Firefox\\firefox.exe" "--marionette" "--remote-debugging-port" "63775" "--remote-allow-hosts" "localhost" "-no-remote" "-profile" "C:\\Users\\WS01\\AppData\\Local\\Temp\\rust_mozprofileoJtSqv"
1660156617929	Marionette	INFO	Marionette enabled
1660156617932	Marionette	INFO	Listening on port 63786
WebDriver BiDi listening on ws://localhost:63775
Read port: 63786
1660156618100	RemoteAgent	WARN	TLS certificate errors will be ignored for this session
console.warn: SearchSettings: "get: No settings file exists, new profile?" (new NotFoundError("Could not open the file at C:\\Users\\WS01\\AppData\\Local\\Temp\\rust_mozprofileoJtSqv\\search.json.mozlz4", (void 0)))
DevTools listening on ws://localhost:63775/devtools/browser/941cbae4-3259-4430-bd15-ae63fdfe996b
JavaScript warning: https://stepik.azureedge.net/static/frontend-build/vendor.js?v=1659621443, line 6289: unreachable code after return statement
1660156626471	Marionette	INFO	Stopped listening on port 63786
console.warn: TopSitesFeed: Failed to fetch data from Contile server: NetworkError when attempting to fetch resource.
1660157410211	geckodriver	INFO	Listening on 127.0.0.1:55574
1660157413230	mozrunner::runner	INFO	Running command: "C:\\Program Files\\Mozilla Firefox\\firefox.exe" "--marionette" "--remote-debugging-port" "55575" "--remote-allow-hosts" "localhost" "-no-remote" "-profile" "C:\\Users\\WS01\\AppData\\Local\\Temp\\rust_mozprofilelbsNmB"
1660157413684	Marionette	INFO	Marionette enabled
1660157413691	Marionette	INFO	Listening on port 55586
WebDriver BiDi listening on ws://localhost:55575
Read port: 55586
1660157413973	RemoteAgent	WARN	TLS certificate errors will be ignored for this session
console.warn: SearchSettings: "get: No settings file exists, new profile?" (new NotFoundError("Could not open the file at C:\\Users\\WS01\\AppData\\Local\\Temp\\rust_mozprofilelbsNmB\\search.json.mozlz4", (void 0)))
DevTools listening on ws://localhost:55575/devtools/browser/06dd0847-a42c-4e0b-a39f-19958290ff74
JavaScript warning: https://stepik.azureedge.net/static/frontend-build/vendor.js?v=1659621443, line 6289: unreachable code after return statement
JavaScript error: https://stepik.azureedge.net/static/frontend-build/vendor.js?v=1659621443, line 6105: Error: Expected: '<assignment:568645>' to be present in the adapter provided payload, but it was not found.
[GFX1-]: RenderCompositorSWGL failed mapping default framebuffer, no dt
1660157432752	Marionette	INFO	Stopped listening on port 55586
console.warn: TopSitesFeed: Failed to fetch data from Contile server: NetworkError when attempting to fetch resource.
1660157476950	geckodriver	INFO	Listening on 127.0.0.1:64948
1660157479983	mozrunner::runner	INFO	Running command: "C:\\Program Files\\Mozilla Firefox\\firefox.exe" "--marionette" "--remote-debugging-port" "64949" "--remote-allow-hosts" "localhost" "-no-remote" "-profile" "C:\\Users\\WS01\\AppData\\Local\\Temp\\rust_mozprofile5WWwmq"
1660157480217	Marionette	INFO	Marionette enabled
1660157480220	Marionette	INFO	Listening on port 64958
WebDriver BiDi listening on ws://localhost:64949
Read port: 64958
1660157480503	RemoteAgent	WARN	TLS certificate errors will be ignored for this session
console.warn: SearchSettings: "get: No settings file exists, new profile?" (new NotFoundError("Could not open the file at C:\\Users\\WS01\\AppData\\Local\\Temp\\rust_mozprofile5WWwmq\\search.json.mozlz4", (void 0)))
DevTools listening on ws://localhost:64949/devtools/browser/bfcd6ad6-6214-4f06-8afc-13a1f3f8c616
JavaScript warning: https://stepik.azureedge.net/static/frontend-build/vendor.js?v=1659621443, line 6289: unreachable code after return statement
JavaScript error: https://stepik.azureedge.net/static/frontend-build/vendor.js?v=1659621443, line 6105: Error: Expected: '<assignment:568645>' to be present in the adapter provided payload, but it was not found.
[GFX1-]: RenderCompositorSWGL failed mapping default framebuffer, no dt
1660157497115	Marionette	INFO	Stopped listening on port 64958
console.warn: TopSitesFeed: Failed to fetch data from Contile server: NetworkError when attempting to fetch resource.
